<?xml version="1.0" encoding="UTF-8"?>
<testsuite xmlns:xsi="http://www.w3.org/2001/XMLSchema-instance" xsi:noNamespaceSchemaLocation="https://maven.apache.org/surefire/maven-surefire-plugin/xsd/surefire-test-report.xsd" name="com.payconiq.spring.assignment.test.StockControllerTests" time="3.493" tests="11" errors="0" skipped="0" failures="0">
  <properties>
[...]
</properties>
  <testcase name="test_GetAllStocks_withData" classname="com.payconiq.spring.assignment.test.StockControllerTests" time="0.21"/>
  <testcase name="test_createStock_success" classname="com.payconiq.spring.assignment.test.StockControllerTests" time="0.099"/>
  <testcase name="test_getStockById_noData" classname="com.payconiq.spring.assignment.test.StockControllerTests" time="0.016"/>
  <testcase name="test_updateStock_throwException" classname="com.payconiq.spring.assignment.test.StockControllerTests" time="0.036"/>
  <testcase name="test_updateStock_NotFound" classname="com.payconiq.spring.assignment.test.StockControllerTests" time="0.011"/>
  <testcase name="test_GetAllStocks_noData" classname="com.payconiq.spring.assignment.test.StockControllerTests" time="0.013"/>
  <testcase name="test_GetAllStocks_throwException" classname="com.payconiq.spring.assignment.test.StockControllerTests" time="0.01"/>
  <testcase name="test_deleteStock_success" classname="com.payconiq.spring.assignment.test.StockControllerTests" time="0.012"/>
  <testcase name="test_updateStock_success" classname="com.payconiq.spring.assignment.test.StockControllerTests" time="0.011"/>
  <testcase name="test_getStockById_throwException" classname="com.payconiq.spring.assignment.test.StockControllerTests" time="0.009"/>
  <testcase name="test_getStockById_withData" classname="com.payconiq.spring.assignment.test.StockControllerTests" time="0.008"/>
</testsuite>